<?xml version="1.0" encoding="UTF-8"?>
<testng-results skipped="0" failed="0" total="2" passed="2">
  <reporter-output>
  </reporter-output>
  <suite name="Suite" duration-ms="22813" started-at="2016-05-11T10:38:13Z" finished-at="2016-05-11T10:38:36Z">
    <groups>
    </groups>
    <test name="Test" duration-ms="22813" started-at="2016-05-11T10:38:13Z" finished-at="2016-05-11T10:38:36Z">
      <class name="com.amazon.testcase.TestAmazonLoginPage">
        <test-method status="PASS" signature="setUp()[pri:0, instance:com.amazon.testcase.TestAmazonLoginPage@7825a04b]" name="setUp" is-config="true" duration-ms="13064" started-at="2016-05-11T16:08:13Z" finished-at="2016-05-11T16:08:26Z">
          <reporter-output>
          </reporter-output>
        </test-method> <!-- setUp -->
        <test-method status="PASS" signature="Test1()[pri:0, instance:com.amazon.testcase.TestAmazonLoginPage@7825a04b]" name="Test1" duration-ms="9698" started-at="2016-05-11T16:08:26Z" finished-at="2016-05-11T16:08:36Z">
          <reporter-output>
          </reporter-output>
        </test-method> <!-- Test1 -->
        <test-method status="PASS" signature="Test2()[pri:0, instance:com.amazon.testcase.TestAmazonLoginPage@7825a04b]" name="Test2" duration-ms="2" started-at="2016-05-11T16:08:36Z" finished-at="2016-05-11T16:08:36Z">
          <reporter-output>
          </reporter-output>
        </test-method> <!-- Test2 -->
        <test-method status="PASS" signature="TearDown()[pri:0, instance:com.amazon.testcase.TestAmazonLoginPage@7825a04b]" name="TearDown" is-config="true" duration-ms="15" started-at="2016-05-11T16:08:36Z" finished-at="2016-05-11T16:08:36Z">
          <reporter-output>
          </reporter-output>
        </test-method> <!-- TearDown -->
      </class> <!-- com.amazon.testcase.TestAmazonLoginPage -->
    </test> <!-- Test -->
  </suite> <!-- Suite -->
</testng-results>
